<?xml version="1.0" encoding="UTF-8"?>
<robot generator="Robot 6.1.1 (Python 3.11.6 on darwin)" generated="20231112 04:54:55.447" rpa="false" schemaversion="4">
<suite id="s1" name="Tests" source="/Users/santeritolonen/Documents/school/ohtu/palautusrepositorio/viikko3/web-login/src/tests">
<suite id="s1-s1" name="Home" source="/Users/santeritolonen/Documents/school/ohtu/palautusrepositorio/viikko3/web-login/src/tests/home.robot">
<kw name="Open And Configure Browser" library="resource" type="SETUP">
<kw name="Evaluate" library="BuiltIn">
<var>${options}</var>
<arg>sys.modules['selenium.webdriver'].ChromeOptions()</arg>
<arg>sys</arg>
<doc>Evaluates the given expression in Python and returns the result.</doc>
<msg timestamp="20231112 04:54:55.565" level="INFO">${options} = &lt;selenium.webdriver.chrome.options.Options object at 0x104656ed0&gt;</msg>
<status status="PASS" starttime="20231112 04:54:55.565" endtime="20231112 04:54:55.565"/>
</kw>
<kw name="Call Method" library="BuiltIn">
<arg>${options}</arg>
<arg>add_argument</arg>
<arg>--no-sandbox</arg>
<doc>Calls the named method of the given object with the provided arguments.</doc>
<status status="PASS" starttime="20231112 04:54:55.565" endtime="20231112 04:54:55.565"/>
</kw>
<kw name="Open Browser" library="SeleniumLibrary">
<arg>browser=chrome</arg>
<arg>options=${options}</arg>
<doc>Opens a new browser instance to the optional ``url``.</doc>
<msg timestamp="20231112 04:54:55.565" level="INFO">Opening browser 'chrome' to base url 'None'.</msg>
<status status="PASS" starttime="20231112 04:54:55.565" endtime="20231112 04:54:58.427"/>
</kw>
<kw name="Set Selenium Speed" library="SeleniumLibrary">
<arg>${DELAY}</arg>
<doc>Sets the delay that is waited after each Selenium command.</doc>
<status status="PASS" starttime="20231112 04:54:58.427" endtime="20231112 04:54:58.428"/>
</kw>
<status status="PASS" starttime="20231112 04:54:55.565" endtime="20231112 04:54:58.428"/>
</kw>
<test id="s1-s1-t1" name="Click Login Link" line="8">
<kw name="Go To Main Page" library="resource" type="SETUP">
<kw name="Go To" library="SeleniumLibrary">
<arg>${HOME_URL}</arg>
<doc>Navigates the current browser window to the provided ``url``.</doc>
<msg timestamp="20231112 04:54:58.431" level="INFO">Opening url 'http://localhost:5001'</msg>
<status status="PASS" starttime="20231112 04:54:58.431" endtime="20231112 04:54:59.073"/>
</kw>
<status status="PASS" starttime="20231112 04:54:58.430" endtime="20231112 04:54:59.074"/>
</kw>
<kw name="Click Link" library="SeleniumLibrary">
<arg>Login</arg>
<doc>Clicks a link identified by ``locator``.</doc>
<msg timestamp="20231112 04:54:59.077" level="INFO">Clicking link 'Login'.</msg>
<status status="PASS" starttime="20231112 04:54:59.075" endtime="20231112 04:55:00.743"/>
</kw>
<kw name="Login Page Should Be Open" library="resource">
<kw name="Title Should Be" library="SeleniumLibrary">
<arg>Login</arg>
<doc>Verifies that the current page title equals ``title``.</doc>
<msg timestamp="20231112 04:55:01.258" level="INFO">Page title is 'Login'.</msg>
<status status="PASS" starttime="20231112 04:55:00.744" endtime="20231112 04:55:01.258"/>
</kw>
<status status="PASS" starttime="20231112 04:55:00.744" endtime="20231112 04:55:01.258"/>
</kw>
<status status="PASS" starttime="20231112 04:54:58.428" endtime="20231112 04:55:01.259"/>
</test>
<test id="s1-s1-t2" name="Click Register Link" line="12">
<kw name="Go To Main Page" library="resource" type="SETUP">
<kw name="Go To" library="SeleniumLibrary">
<arg>${HOME_URL}</arg>
<doc>Navigates the current browser window to the provided ``url``.</doc>
<msg timestamp="20231112 04:55:01.262" level="INFO">Opening url 'http://localhost:5001'</msg>
<status status="PASS" starttime="20231112 04:55:01.262" endtime="20231112 04:55:01.814"/>
</kw>
<status status="PASS" starttime="20231112 04:55:01.261" endtime="20231112 04:55:01.814"/>
</kw>
<kw name="Click Link" library="SeleniumLibrary">
<arg>Register new user</arg>
<doc>Clicks a link identified by ``locator``.</doc>
<msg timestamp="20231112 04:55:01.816" level="INFO">Clicking link 'Register new user'.</msg>
<status status="PASS" starttime="20231112 04:55:01.815" endtime="20231112 04:55:03.445"/>
</kw>
<kw name="Register Page Should Be Open" library="resource">
<kw name="Title Should Be" library="SeleniumLibrary">
<arg>Register</arg>
<doc>Verifies that the current page title equals ``title``.</doc>
<msg timestamp="20231112 04:55:03.960" level="INFO">Page title is 'Register'.</msg>
<status status="PASS" starttime="20231112 04:55:03.449" endtime="20231112 04:55:03.961"/>
</kw>
<status status="PASS" starttime="20231112 04:55:03.447" endtime="20231112 04:55:03.961"/>
</kw>
<status status="PASS" starttime="20231112 04:55:01.260" endtime="20231112 04:55:03.962"/>
</test>
<kw name="Close Browser" library="SeleniumLibrary" type="TEARDOWN">
<doc>Closes the current browser.</doc>
<status status="PASS" starttime="20231112 04:55:03.964" endtime="20231112 04:55:04.536"/>
</kw>
<status status="PASS" starttime="20231112 04:54:55.455" endtime="20231112 04:55:04.536"/>
</suite>
<suite id="s1-s2" name="Login" source="/Users/santeritolonen/Documents/school/ohtu/palautusrepositorio/viikko3/web-login/src/tests/login.robot">
<kw name="Open And Configure Browser" library="resource" type="SETUP">
<kw name="Evaluate" library="BuiltIn">
<var>${options}</var>
<arg>sys.modules['selenium.webdriver'].ChromeOptions()</arg>
<arg>sys</arg>
<doc>Evaluates the given expression in Python and returns the result.</doc>
<msg timestamp="20231112 04:55:04.544" level="INFO">${options} = &lt;selenium.webdriver.chrome.options.Options object at 0x104770810&gt;</msg>
<status status="PASS" starttime="20231112 04:55:04.544" endtime="20231112 04:55:04.544"/>
</kw>
<kw name="Call Method" library="BuiltIn">
<arg>${options}</arg>
<arg>add_argument</arg>
<arg>--no-sandbox</arg>
<doc>Calls the named method of the given object with the provided arguments.</doc>
<status status="PASS" starttime="20231112 04:55:04.544" endtime="20231112 04:55:04.544"/>
</kw>
<kw name="Open Browser" library="SeleniumLibrary">
<arg>browser=chrome</arg>
<arg>options=${options}</arg>
<doc>Opens a new browser instance to the optional ``url``.</doc>
<msg timestamp="20231112 04:55:04.545" level="INFO">Opening browser 'chrome' to base url 'None'.</msg>
<status status="PASS" starttime="20231112 04:55:04.544" endtime="20231112 04:55:06.122"/>
</kw>
<kw name="Set Selenium Speed" library="SeleniumLibrary">
<arg>${DELAY}</arg>
<doc>Sets the delay that is waited after each Selenium command.</doc>
<status status="PASS" starttime="20231112 04:55:06.122" endtime="20231112 04:55:06.123"/>
</kw>
<status status="PASS" starttime="20231112 04:55:04.543" endtime="20231112 04:55:06.123"/>
</kw>
<test id="s1-s2-t1" name="Login With Correct Credentials" line="8">
<kw name="Create User And Go To Login Page" type="SETUP">
<kw name="Create User" library="AppLibrary">
<arg>kalle</arg>
<arg>kalle123</arg>
<status status="PASS" starttime="20231112 04:55:06.123" endtime="20231112 04:55:06.135"/>
</kw>
<kw name="Go To Login Page" library="resource">
<kw name="Go To" library="SeleniumLibrary">
<arg>${LOGIN_URL}</arg>
<doc>Navigates the current browser window to the provided ``url``.</doc>
<msg timestamp="20231112 04:55:06.136" level="INFO">Opening url 'http://localhost:5001/login'</msg>
<status status="PASS" starttime="20231112 04:55:06.136" endtime="20231112 04:55:06.724"/>
</kw>
<status status="PASS" starttime="20231112 04:55:06.135" endtime="20231112 04:55:06.724"/>
</kw>
<kw name="Login Page Should Be Open" library="resource">
<kw name="Title Should Be" library="SeleniumLibrary">
<arg>Login</arg>
<doc>Verifies that the current page title equals ``title``.</doc>
<msg timestamp="20231112 04:55:07.240" level="INFO">Page title is 'Login'.</msg>
<status status="PASS" starttime="20231112 04:55:06.725" endtime="20231112 04:55:07.240"/>
</kw>
<status status="PASS" starttime="20231112 04:55:06.725" endtime="20231112 04:55:07.241"/>
</kw>
<status status="PASS" starttime="20231112 04:55:06.123" endtime="20231112 04:55:07.241"/>
</kw>
<kw name="Set Username">
<arg>kalle</arg>
<kw name="Input Text" library="SeleniumLibrary">
<arg>username</arg>
<arg>${username}</arg>
<doc>Types the given ``text`` into the text field identified by ``locator``.</doc>
<msg timestamp="20231112 04:55:07.245" level="INFO">Typing text 'kalle' into text field 'username'.</msg>
<status status="PASS" starttime="20231112 04:55:07.242" endtime="20231112 04:55:09.015"/>
</kw>
<status status="PASS" starttime="20231112 04:55:07.241" endtime="20231112 04:55:09.016"/>
</kw>
<kw name="Set Password">
<arg>kalle123</arg>
<kw name="Input Password" library="SeleniumLibrary">
<arg>password</arg>
<arg>${password}</arg>
<doc>Types the given password into the text field identified by ``locator``.</doc>
<msg timestamp="20231112 04:55:09.017" level="INFO">Typing password into text field 'password'.</msg>
<msg timestamp="20231112 04:55:10.063" level="INFO">Temporally setting log level to: NONE</msg>
<msg timestamp="20231112 04:55:10.596" level="INFO">Log level changed from NONE to INFO.</msg>
<status status="PASS" starttime="20231112 04:55:09.017" endtime="20231112 04:55:10.596"/>
</kw>
<status status="PASS" starttime="20231112 04:55:09.016" endtime="20231112 04:55:10.596"/>
</kw>
<kw name="Submit Credentials">
<kw name="Click Button" library="SeleniumLibrary">
<arg>Login</arg>
<doc>Clicks the button identified by ``locator``.</doc>
<msg timestamp="20231112 04:55:10.597" level="INFO">Clicking button 'Login'.</msg>
<status status="PASS" starttime="20231112 04:55:10.596" endtime="20231112 04:55:12.714"/>
</kw>
<status status="PASS" starttime="20231112 04:55:10.596" endtime="20231112 04:55:12.714"/>
</kw>
<kw name="Login Should Succeed">
<kw name="Main Page Should Be Open" library="resource">
<kw name="Title Should Be" library="SeleniumLibrary">
<arg>Ohtu Application main page</arg>
<doc>Verifies that the current page title equals ``title``.</doc>
<msg timestamp="20231112 04:55:13.226" level="INFO">Page title is 'Ohtu Application main page'.</msg>
<status status="PASS" starttime="20231112 04:55:12.717" endtime="20231112 04:55:13.226"/>
</kw>
<status status="PASS" starttime="20231112 04:55:12.716" endtime="20231112 04:55:13.227"/>
</kw>
<status status="PASS" starttime="20231112 04:55:12.716" endtime="20231112 04:55:13.227"/>
</kw>
<status status="PASS" starttime="20231112 04:55:06.123" endtime="20231112 04:55:13.227"/>
</test>
<test id="s1-s2-t2" name="Login With Incorrect Password" line="14">
<kw name="Create User And Go To Login Page" type="SETUP">
<kw name="Create User" library="AppLibrary">
<arg>kalle</arg>
<arg>kalle123</arg>
<status status="PASS" starttime="20231112 04:55:13.230" endtime="20231112 04:55:13.241"/>
</kw>
<kw name="Go To Login Page" library="resource">
<kw name="Go To" library="SeleniumLibrary">
<arg>${LOGIN_URL}</arg>
<doc>Navigates the current browser window to the provided ``url``.</doc>
<msg timestamp="20231112 04:55:13.242" level="INFO">Opening url 'http://localhost:5001/login'</msg>
<status status="PASS" starttime="20231112 04:55:13.241" endtime="20231112 04:55:13.763"/>
</kw>
<status status="PASS" starttime="20231112 04:55:13.241" endtime="20231112 04:55:13.763"/>
</kw>
<kw name="Login Page Should Be Open" library="resource">
<kw name="Title Should Be" library="SeleniumLibrary">
<arg>Login</arg>
<doc>Verifies that the current page title equals ``title``.</doc>
<msg timestamp="20231112 04:55:14.277" level="INFO">Page title is 'Login'.</msg>
<status status="PASS" starttime="20231112 04:55:13.764" endtime="20231112 04:55:14.277"/>
</kw>
<status status="PASS" starttime="20231112 04:55:13.764" endtime="20231112 04:55:14.278"/>
</kw>
<status status="PASS" starttime="20231112 04:55:13.229" endtime="20231112 04:55:14.278"/>
</kw>
<kw name="Set Username">
<arg>kalle</arg>
<kw name="Input Text" library="SeleniumLibrary">
<arg>username</arg>
<arg>${username}</arg>
<doc>Types the given ``text`` into the text field identified by ``locator``.</doc>
<msg timestamp="20231112 04:55:14.281" level="INFO">Typing text 'kalle' into text field 'username'.</msg>
<status status="PASS" starttime="20231112 04:55:14.279" endtime="20231112 04:55:15.898"/>
</kw>
<status status="PASS" starttime="20231112 04:55:14.278" endtime="20231112 04:55:15.898"/>
</kw>
<kw name="Set Password">
<arg>kalle456</arg>
<kw name="Input Password" library="SeleniumLibrary">
<arg>password</arg>
<arg>${password}</arg>
<doc>Types the given password into the text field identified by ``locator``.</doc>
<msg timestamp="20231112 04:55:15.901" level="INFO">Typing password into text field 'password'.</msg>
<msg timestamp="20231112 04:55:16.943" level="INFO">Temporally setting log level to: NONE</msg>
<msg timestamp="20231112 04:55:17.485" level="INFO">Log level changed from NONE to INFO.</msg>
<status status="PASS" starttime="20231112 04:55:15.900" endtime="20231112 04:55:17.486"/>
</kw>
<status status="PASS" starttime="20231112 04:55:15.899" endtime="20231112 04:55:17.486"/>
</kw>
<kw name="Submit Credentials">
<kw name="Click Button" library="SeleniumLibrary">
<arg>Login</arg>
<doc>Clicks the button identified by ``locator``.</doc>
<msg timestamp="20231112 04:55:17.488" level="INFO">Clicking button 'Login'.</msg>
<status status="PASS" starttime="20231112 04:55:17.487" endtime="20231112 04:55:19.612"/>
</kw>
<status status="PASS" starttime="20231112 04:55:17.486" endtime="20231112 04:55:19.612"/>
</kw>
<kw name="Login Should Fail With Message">
<arg>Invalid username or password</arg>
<kw name="Login Page Should Be Open" library="resource">
<kw name="Title Should Be" library="SeleniumLibrary">
<arg>Login</arg>
<doc>Verifies that the current page title equals ``title``.</doc>
<msg timestamp="20231112 04:55:20.122" level="INFO">Page title is 'Login'.</msg>
<status status="PASS" starttime="20231112 04:55:19.613" endtime="20231112 04:55:20.122"/>
</kw>
<status status="PASS" starttime="20231112 04:55:19.613" endtime="20231112 04:55:20.123"/>
</kw>
<kw name="Page Should Contain" library="SeleniumLibrary">
<arg>${message}</arg>
<doc>Verifies that current page contains ``text``.</doc>
<msg timestamp="20231112 04:55:21.151" level="INFO">Current page contains text 'Invalid username or password'.</msg>
<status status="PASS" starttime="20231112 04:55:20.123" endtime="20231112 04:55:21.151"/>
</kw>
<status status="PASS" starttime="20231112 04:55:19.613" endtime="20231112 04:55:21.151"/>
</kw>
<status status="PASS" starttime="20231112 04:55:13.228" endtime="20231112 04:55:21.151"/>
</test>
<test id="s1-s2-t3" name="Login With Nonexistent Username" line="20">
<kw name="Create User And Go To Login Page" type="SETUP">
<kw name="Create User" library="AppLibrary">
<arg>kalle</arg>
<arg>kalle123</arg>
<status status="PASS" starttime="20231112 04:55:21.153" endtime="20231112 04:55:21.166"/>
</kw>
<kw name="Go To Login Page" library="resource">
<kw name="Go To" library="SeleniumLibrary">
<arg>${LOGIN_URL}</arg>
<doc>Navigates the current browser window to the provided ``url``.</doc>
<msg timestamp="20231112 04:55:21.167" level="INFO">Opening url 'http://localhost:5001/login'</msg>
<status status="PASS" starttime="20231112 04:55:21.166" endtime="20231112 04:55:21.694"/>
</kw>
<status status="PASS" starttime="20231112 04:55:21.166" endtime="20231112 04:55:21.694"/>
</kw>
<kw name="Login Page Should Be Open" library="resource">
<kw name="Title Should Be" library="SeleniumLibrary">
<arg>Login</arg>
<doc>Verifies that the current page title equals ``title``.</doc>
<msg timestamp="20231112 04:55:22.203" level="INFO">Page title is 'Login'.</msg>
<status status="PASS" starttime="20231112 04:55:21.695" endtime="20231112 04:55:22.204"/>
</kw>
<status status="PASS" starttime="20231112 04:55:21.695" endtime="20231112 04:55:22.204"/>
</kw>
<status status="PASS" starttime="20231112 04:55:21.153" endtime="20231112 04:55:22.204"/>
</kw>
<kw name="Set Username">
<arg>pelle</arg>
<kw name="Input Text" library="SeleniumLibrary">
<arg>username</arg>
<arg>${username}</arg>
<doc>Types the given ``text`` into the text field identified by ``locator``.</doc>
<msg timestamp="20231112 04:55:22.208" level="INFO">Typing text 'pelle' into text field 'username'.</msg>
<status status="PASS" starttime="20231112 04:55:22.206" endtime="20231112 04:55:23.816"/>
</kw>
<status status="PASS" starttime="20231112 04:55:22.205" endtime="20231112 04:55:23.817"/>
</kw>
<kw name="Set Password">
<arg>hermann1</arg>
<kw name="Input Password" library="SeleniumLibrary">
<arg>password</arg>
<arg>${password}</arg>
<doc>Types the given password into the text field identified by ``locator``.</doc>
<msg timestamp="20231112 04:55:23.820" level="INFO">Typing password into text field 'password'.</msg>
<msg timestamp="20231112 04:55:24.863" level="INFO">Temporally setting log level to: NONE</msg>
<msg timestamp="20231112 04:55:25.417" level="INFO">Log level changed from NONE to INFO.</msg>
<status status="PASS" starttime="20231112 04:55:23.819" endtime="20231112 04:55:25.417"/>
</kw>
<status status="PASS" starttime="20231112 04:55:23.818" endtime="20231112 04:55:25.418"/>
</kw>
<kw name="Submit Credentials">
<kw name="Click Button" library="SeleniumLibrary">
<arg>Login</arg>
<doc>Clicks the button identified by ``locator``.</doc>
<msg timestamp="20231112 04:55:25.420" level="INFO">Clicking button 'Login'.</msg>
<status status="PASS" starttime="20231112 04:55:25.419" endtime="20231112 04:55:27.534"/>
</kw>
<status status="PASS" starttime="20231112 04:55:25.418" endtime="20231112 04:55:27.534"/>
</kw>
<kw name="Login Should Fail With Message">
<arg>Invalid username or password</arg>
<kw name="Login Page Should Be Open" library="resource">
<kw name="Title Should Be" library="SeleniumLibrary">
<arg>Login</arg>
<doc>Verifies that the current page title equals ``title``.</doc>
<msg timestamp="20231112 04:55:28.048" level="INFO">Page title is 'Login'.</msg>
<status status="PASS" starttime="20231112 04:55:27.536" endtime="20231112 04:55:28.049"/>
</kw>
<status status="PASS" starttime="20231112 04:55:27.536" endtime="20231112 04:55:28.049"/>
</kw>
<kw name="Page Should Contain" library="SeleniumLibrary">
<arg>${message}</arg>
<doc>Verifies that current page contains ``text``.</doc>
<msg timestamp="20231112 04:55:29.072" level="INFO">Current page contains text 'Invalid username or password'.</msg>
<status status="PASS" starttime="20231112 04:55:28.049" endtime="20231112 04:55:29.073"/>
</kw>
<status status="PASS" starttime="20231112 04:55:27.535" endtime="20231112 04:55:29.073"/>
</kw>
<status status="PASS" starttime="20231112 04:55:21.152" endtime="20231112 04:55:29.074"/>
</test>
<kw name="Close Browser" library="SeleniumLibrary" type="TEARDOWN">
<doc>Closes the current browser.</doc>
<status status="PASS" starttime="20231112 04:55:29.076" endtime="20231112 04:55:29.645"/>
</kw>
<status status="PASS" starttime="20231112 04:55:04.538" endtime="20231112 04:55:29.645"/>
</suite>
<status status="PASS" starttime="20231112 04:54:55.448" endtime="20231112 04:55:29.647"/>
</suite>
<statistics>
<total>
<stat pass="5" fail="0" skip="0">All Tests</stat>
</total>
<tag>
</tag>
<suite>
<stat pass="5" fail="0" skip="0" id="s1" name="Tests">Tests</stat>
<stat pass="2" fail="0" skip="0" id="s1-s1" name="Home">Tests.Home</stat>
<stat pass="3" fail="0" skip="0" id="s1-s2" name="Login">Tests.Login</stat>
</suite>
</statistics>
<errors>
</errors>
</robot>
