<?xml version="1.0" encoding="UTF-8"?>
<robot generator="Robot 6.1.1 (Python 3.11.6 on darwin)" generated="20231112 05:26:04.750" rpa="false" schemaversion="4">
<suite id="s1" name="Tests" source="/Users/santeritolonen/Documents/school/ohtu/palautusrepositorio/viikko3/web-login/src/tests">
<suite id="s1-s1" name="Home" source="/Users/santeritolonen/Documents/school/ohtu/palautusrepositorio/viikko3/web-login/src/tests/home.robot">
<kw name="Open And Configure Browser" library="resource" type="SETUP">
<kw name="Evaluate" library="BuiltIn">
<var>${options}</var>
<arg>sys.modules['selenium.webdriver'].ChromeOptions()</arg>
<arg>sys</arg>
<doc>Evaluates the given expression in Python and returns the result.</doc>
<msg timestamp="20231112 05:26:04.846" level="INFO">${options} = &lt;selenium.webdriver.chrome.options.Options object at 0x10675a410&gt;</msg>
<status status="PASS" starttime="20231112 05:26:04.845" endtime="20231112 05:26:04.846"/>
</kw>
<kw name="Call Method" library="BuiltIn">
<arg>${options}</arg>
<arg>add_argument</arg>
<arg>--no-sandbox</arg>
<doc>Calls the named method of the given object with the provided arguments.</doc>
<status status="PASS" starttime="20231112 05:26:04.846" endtime="20231112 05:26:04.846"/>
</kw>
<kw name="Call Method" library="BuiltIn">
<arg>${options}</arg>
<arg>add_argument</arg>
<arg>--headless</arg>
<doc>Calls the named method of the given object with the provided arguments.</doc>
<status status="PASS" starttime="20231112 05:26:04.846" endtime="20231112 05:26:04.846"/>
</kw>
<kw name="Open Browser" library="SeleniumLibrary">
<arg>browser=chrome</arg>
<arg>options=${options}</arg>
<doc>Opens a new browser instance to the optional ``url``.</doc>
<msg timestamp="20231112 05:26:04.846" level="INFO">Opening browser 'chrome' to base url 'None'.</msg>
<status status="PASS" starttime="20231112 05:26:04.846" endtime="20231112 05:26:06.185"/>
</kw>
<kw name="Set Selenium Speed" library="SeleniumLibrary">
<arg>${DELAY}</arg>
<doc>Sets the delay that is waited after each Selenium command.</doc>
<status status="PASS" starttime="20231112 05:26:06.186" endtime="20231112 05:26:06.186"/>
</kw>
<status status="PASS" starttime="20231112 05:26:04.845" endtime="20231112 05:26:06.186"/>
</kw>
<test id="s1-s1-t1" name="Click Login Link" line="8">
<kw name="Go To Main Page" library="resource" type="SETUP">
<kw name="Go To" library="SeleniumLibrary">
<arg>${HOME_URL}</arg>
<doc>Navigates the current browser window to the provided ``url``.</doc>
<msg timestamp="20231112 05:26:06.187" level="INFO">Opening url 'http://localhost:5001'</msg>
<status status="PASS" starttime="20231112 05:26:06.187" endtime="20231112 05:26:06.269"/>
</kw>
<status status="PASS" starttime="20231112 05:26:06.187" endtime="20231112 05:26:06.269"/>
</kw>
<kw name="Click Link" library="SeleniumLibrary">
<arg>Login</arg>
<doc>Clicks a link identified by ``locator``.</doc>
<msg timestamp="20231112 05:26:06.270" level="INFO">Clicking link 'Login'.</msg>
<status status="PASS" starttime="20231112 05:26:06.269" endtime="20231112 05:26:06.390"/>
</kw>
<kw name="Login Page Should Be Open" library="resource">
<kw name="Title Should Be" library="SeleniumLibrary">
<arg>Login</arg>
<doc>Verifies that the current page title equals ``title``.</doc>
<msg timestamp="20231112 05:26:06.393" level="INFO">Page title is 'Login'.</msg>
<status status="PASS" starttime="20231112 05:26:06.390" endtime="20231112 05:26:06.394"/>
</kw>
<status status="PASS" starttime="20231112 05:26:06.390" endtime="20231112 05:26:06.394"/>
</kw>
<status status="PASS" starttime="20231112 05:26:06.186" endtime="20231112 05:26:06.394"/>
</test>
<test id="s1-s1-t2" name="Click Register Link" line="12">
<kw name="Go To Main Page" library="resource" type="SETUP">
<kw name="Go To" library="SeleniumLibrary">
<arg>${HOME_URL}</arg>
<doc>Navigates the current browser window to the provided ``url``.</doc>
<msg timestamp="20231112 05:26:06.394" level="INFO">Opening url 'http://localhost:5001'</msg>
<status status="PASS" starttime="20231112 05:26:06.394" endtime="20231112 05:26:06.400"/>
</kw>
<status status="PASS" starttime="20231112 05:26:06.394" endtime="20231112 05:26:06.400"/>
</kw>
<kw name="Click Link" library="SeleniumLibrary">
<arg>Register new user</arg>
<doc>Clicks a link identified by ``locator``.</doc>
<msg timestamp="20231112 05:26:06.401" level="INFO">Clicking link 'Register new user'.</msg>
<status status="PASS" starttime="20231112 05:26:06.400" endtime="20231112 05:26:06.433"/>
</kw>
<kw name="Register Page Should Be Open" library="resource">
<kw name="Title Should Be" library="SeleniumLibrary">
<arg>Register</arg>
<doc>Verifies that the current page title equals ``title``.</doc>
<msg timestamp="20231112 05:26:06.435" level="INFO">Page title is 'Register'.</msg>
<status status="PASS" starttime="20231112 05:26:06.434" endtime="20231112 05:26:06.435"/>
</kw>
<status status="PASS" starttime="20231112 05:26:06.434" endtime="20231112 05:26:06.435"/>
</kw>
<status status="PASS" starttime="20231112 05:26:06.394" endtime="20231112 05:26:06.436"/>
</test>
<kw name="Close Browser" library="SeleniumLibrary" type="TEARDOWN">
<doc>Closes the current browser.</doc>
<status status="PASS" starttime="20231112 05:26:06.436" endtime="20231112 05:26:06.498"/>
</kw>
<status status="PASS" starttime="20231112 05:26:04.758" endtime="20231112 05:26:06.498"/>
</suite>
<suite id="s1-s2" name="Login" source="/Users/santeritolonen/Documents/school/ohtu/palautusrepositorio/viikko3/web-login/src/tests/login.robot">
<kw name="Open And Configure Browser" library="resource" type="SETUP">
<kw name="Evaluate" library="BuiltIn">
<var>${options}</var>
<arg>sys.modules['selenium.webdriver'].ChromeOptions()</arg>
<arg>sys</arg>
<doc>Evaluates the given expression in Python and returns the result.</doc>
<msg timestamp="20231112 05:26:06.500" level="INFO">${options} = &lt;selenium.webdriver.chrome.options.Options object at 0x106787550&gt;</msg>
<status status="PASS" starttime="20231112 05:26:06.500" endtime="20231112 05:26:06.500"/>
</kw>
<kw name="Call Method" library="BuiltIn">
<arg>${options}</arg>
<arg>add_argument</arg>
<arg>--no-sandbox</arg>
<doc>Calls the named method of the given object with the provided arguments.</doc>
<status status="PASS" starttime="20231112 05:26:06.500" endtime="20231112 05:26:06.500"/>
</kw>
<kw name="Call Method" library="BuiltIn">
<arg>${options}</arg>
<arg>add_argument</arg>
<arg>--headless</arg>
<doc>Calls the named method of the given object with the provided arguments.</doc>
<status status="PASS" starttime="20231112 05:26:06.500" endtime="20231112 05:26:06.500"/>
</kw>
<kw name="Open Browser" library="SeleniumLibrary">
<arg>browser=chrome</arg>
<arg>options=${options}</arg>
<doc>Opens a new browser instance to the optional ``url``.</doc>
<msg timestamp="20231112 05:26:06.501" level="INFO">Opening browser 'chrome' to base url 'None'.</msg>
<status status="PASS" starttime="20231112 05:26:06.500" endtime="20231112 05:26:07.283"/>
</kw>
<kw name="Set Selenium Speed" library="SeleniumLibrary">
<arg>${DELAY}</arg>
<doc>Sets the delay that is waited after each Selenium command.</doc>
<status status="PASS" starttime="20231112 05:26:07.283" endtime="20231112 05:26:07.283"/>
</kw>
<status status="PASS" starttime="20231112 05:26:06.500" endtime="20231112 05:26:07.283"/>
</kw>
<test id="s1-s2-t1" name="Login With Correct Credentials" line="8">
<kw name="Create User And Go To Login Page" type="SETUP">
<kw name="Create User" library="AppLibrary">
<arg>kalle</arg>
<arg>kalle123</arg>
<status status="PASS" starttime="20231112 05:26:07.284" endtime="20231112 05:26:07.290"/>
</kw>
<kw name="Go To Login Page" library="resource">
<kw name="Go To" library="SeleniumLibrary">
<arg>${LOGIN_URL}</arg>
<doc>Navigates the current browser window to the provided ``url``.</doc>
<msg timestamp="20231112 05:26:07.290" level="INFO">Opening url 'http://localhost:5001/login'</msg>
<status status="PASS" starttime="20231112 05:26:07.290" endtime="20231112 05:26:07.332"/>
</kw>
<status status="PASS" starttime="20231112 05:26:07.290" endtime="20231112 05:26:07.332"/>
</kw>
<kw name="Login Page Should Be Open" library="resource">
<kw name="Title Should Be" library="SeleniumLibrary">
<arg>Login</arg>
<doc>Verifies that the current page title equals ``title``.</doc>
<msg timestamp="20231112 05:26:07.335" level="INFO">Page title is 'Login'.</msg>
<status status="PASS" starttime="20231112 05:26:07.332" endtime="20231112 05:26:07.335"/>
</kw>
<status status="PASS" starttime="20231112 05:26:07.332" endtime="20231112 05:26:07.335"/>
</kw>
<status status="PASS" starttime="20231112 05:26:07.284" endtime="20231112 05:26:07.335"/>
</kw>
<kw name="Set Username" library="resource">
<arg>kalle</arg>
<kw name="Input Text" library="SeleniumLibrary">
<arg>username</arg>
<arg>${username}</arg>
<doc>Types the given ``text`` into the text field identified by ``locator``.</doc>
<msg timestamp="20231112 05:26:07.336" level="INFO">Typing text 'kalle' into text field 'username'.</msg>
<status status="PASS" starttime="20231112 05:26:07.335" endtime="20231112 05:26:07.469"/>
</kw>
<status status="PASS" starttime="20231112 05:26:07.335" endtime="20231112 05:26:07.469"/>
</kw>
<kw name="Set Password" library="resource">
<arg>kalle123</arg>
<kw name="Input Password" library="SeleniumLibrary">
<arg>password</arg>
<arg>${password}</arg>
<doc>Types the given password into the text field identified by ``locator``.</doc>
<msg timestamp="20231112 05:26:07.470" level="INFO">Typing password into text field 'password'.</msg>
<msg timestamp="20231112 05:26:07.485" level="INFO">Temporally setting log level to: NONE</msg>
<msg timestamp="20231112 05:26:07.562" level="INFO">Log level changed from NONE to INFO.</msg>
<status status="PASS" starttime="20231112 05:26:07.470" endtime="20231112 05:26:07.562"/>
</kw>
<status status="PASS" starttime="20231112 05:26:07.470" endtime="20231112 05:26:07.562"/>
</kw>
<kw name="Submit Credentials">
<kw name="Click Button" library="SeleniumLibrary">
<arg>Login</arg>
<doc>Clicks the button identified by ``locator``.</doc>
<msg timestamp="20231112 05:26:07.562" level="INFO">Clicking button 'Login'.</msg>
<status status="PASS" starttime="20231112 05:26:07.562" endtime="20231112 05:26:07.597"/>
</kw>
<status status="PASS" starttime="20231112 05:26:07.562" endtime="20231112 05:26:07.597"/>
</kw>
<kw name="Login Should Succeed">
<kw name="Main Page Should Be Open" library="resource">
<kw name="Title Should Be" library="SeleniumLibrary">
<arg>Ohtu Application main page</arg>
<doc>Verifies that the current page title equals ``title``.</doc>
<msg timestamp="20231112 05:26:07.599" level="INFO">Page title is 'Ohtu Application main page'.</msg>
<status status="PASS" starttime="20231112 05:26:07.597" endtime="20231112 05:26:07.599"/>
</kw>
<status status="PASS" starttime="20231112 05:26:07.597" endtime="20231112 05:26:07.599"/>
</kw>
<status status="PASS" starttime="20231112 05:26:07.597" endtime="20231112 05:26:07.599"/>
</kw>
<status status="PASS" starttime="20231112 05:26:07.283" endtime="20231112 05:26:07.599"/>
</test>
<test id="s1-s2-t2" name="Login With Incorrect Password" line="14">
<kw name="Create User And Go To Login Page" type="SETUP">
<kw name="Create User" library="AppLibrary">
<arg>kalle</arg>
<arg>kalle123</arg>
<status status="PASS" starttime="20231112 05:26:07.600" endtime="20231112 05:26:07.604"/>
</kw>
<kw name="Go To Login Page" library="resource">
<kw name="Go To" library="SeleniumLibrary">
<arg>${LOGIN_URL}</arg>
<doc>Navigates the current browser window to the provided ``url``.</doc>
<msg timestamp="20231112 05:26:07.604" level="INFO">Opening url 'http://localhost:5001/login'</msg>
<status status="PASS" starttime="20231112 05:26:07.604" endtime="20231112 05:26:07.609"/>
</kw>
<status status="PASS" starttime="20231112 05:26:07.604" endtime="20231112 05:26:07.609"/>
</kw>
<kw name="Login Page Should Be Open" library="resource">
<kw name="Title Should Be" library="SeleniumLibrary">
<arg>Login</arg>
<doc>Verifies that the current page title equals ``title``.</doc>
<msg timestamp="20231112 05:26:07.611" level="INFO">Page title is 'Login'.</msg>
<status status="PASS" starttime="20231112 05:26:07.610" endtime="20231112 05:26:07.611"/>
</kw>
<status status="PASS" starttime="20231112 05:26:07.610" endtime="20231112 05:26:07.611"/>
</kw>
<status status="PASS" starttime="20231112 05:26:07.600" endtime="20231112 05:26:07.611"/>
</kw>
<kw name="Set Username" library="resource">
<arg>kalle</arg>
<kw name="Input Text" library="SeleniumLibrary">
<arg>username</arg>
<arg>${username}</arg>
<doc>Types the given ``text`` into the text field identified by ``locator``.</doc>
<msg timestamp="20231112 05:26:07.611" level="INFO">Typing text 'kalle' into text field 'username'.</msg>
<status status="PASS" starttime="20231112 05:26:07.611" endtime="20231112 05:26:07.640"/>
</kw>
<status status="PASS" starttime="20231112 05:26:07.611" endtime="20231112 05:26:07.640"/>
</kw>
<kw name="Set Password" library="resource">
<arg>kalle456</arg>
<kw name="Input Password" library="SeleniumLibrary">
<arg>password</arg>
<arg>${password}</arg>
<doc>Types the given password into the text field identified by ``locator``.</doc>
<msg timestamp="20231112 05:26:07.641" level="INFO">Typing password into text field 'password'.</msg>
<msg timestamp="20231112 05:26:07.653" level="INFO">Temporally setting log level to: NONE</msg>
<msg timestamp="20231112 05:26:07.670" level="INFO">Log level changed from NONE to INFO.</msg>
<status status="PASS" starttime="20231112 05:26:07.640" endtime="20231112 05:26:07.670"/>
</kw>
<status status="PASS" starttime="20231112 05:26:07.640" endtime="20231112 05:26:07.670"/>
</kw>
<kw name="Submit Credentials">
<kw name="Click Button" library="SeleniumLibrary">
<arg>Login</arg>
<doc>Clicks the button identified by ``locator``.</doc>
<msg timestamp="20231112 05:26:07.670" level="INFO">Clicking button 'Login'.</msg>
<status status="PASS" starttime="20231112 05:26:07.670" endtime="20231112 05:26:07.694"/>
</kw>
<status status="PASS" starttime="20231112 05:26:07.670" endtime="20231112 05:26:07.694"/>
</kw>
<kw name="Login Should Fail With Message">
<arg>Invalid username or password</arg>
<kw name="Login Page Should Be Open" library="resource">
<kw name="Title Should Be" library="SeleniumLibrary">
<arg>Login</arg>
<doc>Verifies that the current page title equals ``title``.</doc>
<msg timestamp="20231112 05:26:07.696" level="INFO">Page title is 'Login'.</msg>
<status status="PASS" starttime="20231112 05:26:07.695" endtime="20231112 05:26:07.696"/>
</kw>
<status status="PASS" starttime="20231112 05:26:07.695" endtime="20231112 05:26:07.696"/>
</kw>
<kw name="Page Should Contain" library="SeleniumLibrary">
<arg>${message}</arg>
<doc>Verifies that current page contains ``text``.</doc>
<msg timestamp="20231112 05:26:07.702" level="INFO">Current page contains text 'Invalid username or password'.</msg>
<status status="PASS" starttime="20231112 05:26:07.696" endtime="20231112 05:26:07.702"/>
</kw>
<status status="PASS" starttime="20231112 05:26:07.695" endtime="20231112 05:26:07.702"/>
</kw>
<status status="PASS" starttime="20231112 05:26:07.600" endtime="20231112 05:26:07.702"/>
</test>
<test id="s1-s2-t3" name="Login With Nonexistent Username" line="20">
<kw name="Create User And Go To Login Page" type="SETUP">
<kw name="Create User" library="AppLibrary">
<arg>kalle</arg>
<arg>kalle123</arg>
<status status="PASS" starttime="20231112 05:26:07.703" endtime="20231112 05:26:07.707"/>
</kw>
<kw name="Go To Login Page" library="resource">
<kw name="Go To" library="SeleniumLibrary">
<arg>${LOGIN_URL}</arg>
<doc>Navigates the current browser window to the provided ``url``.</doc>
<msg timestamp="20231112 05:26:07.707" level="INFO">Opening url 'http://localhost:5001/login'</msg>
<status status="PASS" starttime="20231112 05:26:07.707" endtime="20231112 05:26:07.712"/>
</kw>
<status status="PASS" starttime="20231112 05:26:07.707" endtime="20231112 05:26:07.712"/>
</kw>
<kw name="Login Page Should Be Open" library="resource">
<kw name="Title Should Be" library="SeleniumLibrary">
<arg>Login</arg>
<doc>Verifies that the current page title equals ``title``.</doc>
<msg timestamp="20231112 05:26:07.714" level="INFO">Page title is 'Login'.</msg>
<status status="PASS" starttime="20231112 05:26:07.712" endtime="20231112 05:26:07.714"/>
</kw>
<status status="PASS" starttime="20231112 05:26:07.712" endtime="20231112 05:26:07.714"/>
</kw>
<status status="PASS" starttime="20231112 05:26:07.702" endtime="20231112 05:26:07.714"/>
</kw>
<kw name="Set Username" library="resource">
<arg>pelle</arg>
<kw name="Input Text" library="SeleniumLibrary">
<arg>username</arg>
<arg>${username}</arg>
<doc>Types the given ``text`` into the text field identified by ``locator``.</doc>
<msg timestamp="20231112 05:26:07.714" level="INFO">Typing text 'pelle' into text field 'username'.</msg>
<status status="PASS" starttime="20231112 05:26:07.714" endtime="20231112 05:26:07.743"/>
</kw>
<status status="PASS" starttime="20231112 05:26:07.714" endtime="20231112 05:26:07.743"/>
</kw>
<kw name="Set Password" library="resource">
<arg>hermann1</arg>
<kw name="Input Password" library="SeleniumLibrary">
<arg>password</arg>
<arg>${password}</arg>
<doc>Types the given password into the text field identified by ``locator``.</doc>
<msg timestamp="20231112 05:26:07.744" level="INFO">Typing password into text field 'password'.</msg>
<msg timestamp="20231112 05:26:07.756" level="INFO">Temporally setting log level to: NONE</msg>
<msg timestamp="20231112 05:26:07.773" level="INFO">Log level changed from NONE to INFO.</msg>
<status status="PASS" starttime="20231112 05:26:07.744" endtime="20231112 05:26:07.773"/>
</kw>
<status status="PASS" starttime="20231112 05:26:07.744" endtime="20231112 05:26:07.773"/>
</kw>
<kw name="Submit Credentials">
<kw name="Click Button" library="SeleniumLibrary">
<arg>Login</arg>
<doc>Clicks the button identified by ``locator``.</doc>
<msg timestamp="20231112 05:26:07.774" level="INFO">Clicking button 'Login'.</msg>
<status status="PASS" starttime="20231112 05:26:07.774" endtime="20231112 05:26:07.798"/>
</kw>
<status status="PASS" starttime="20231112 05:26:07.773" endtime="20231112 05:26:07.798"/>
</kw>
<kw name="Login Should Fail With Message">
<arg>Invalid username or password</arg>
<kw name="Login Page Should Be Open" library="resource">
<kw name="Title Should Be" library="SeleniumLibrary">
<arg>Login</arg>
<doc>Verifies that the current page title equals ``title``.</doc>
<msg timestamp="20231112 05:26:07.800" level="INFO">Page title is 'Login'.</msg>
<status status="PASS" starttime="20231112 05:26:07.798" endtime="20231112 05:26:07.800"/>
</kw>
<status status="PASS" starttime="20231112 05:26:07.798" endtime="20231112 05:26:07.800"/>
</kw>
<kw name="Page Should Contain" library="SeleniumLibrary">
<arg>${message}</arg>
<doc>Verifies that current page contains ``text``.</doc>
<msg timestamp="20231112 05:26:07.804" level="INFO">Current page contains text 'Invalid username or password'.</msg>
<status status="PASS" starttime="20231112 05:26:07.800" endtime="20231112 05:26:07.804"/>
</kw>
<status status="PASS" starttime="20231112 05:26:07.798" endtime="20231112 05:26:07.804"/>
</kw>
<status status="PASS" starttime="20231112 05:26:07.702" endtime="20231112 05:26:07.804"/>
</test>
<kw name="Close Browser" library="SeleniumLibrary" type="TEARDOWN">
<doc>Closes the current browser.</doc>
<status status="PASS" starttime="20231112 05:26:07.804" endtime="20231112 05:26:07.867"/>
</kw>
<status status="PASS" starttime="20231112 05:26:06.498" endtime="20231112 05:26:07.867"/>
</suite>
<suite id="s1-s3" name="Register" source="/Users/santeritolonen/Documents/school/ohtu/palautusrepositorio/viikko3/web-login/src/tests/register.robot">
<kw name="Open And Configure Browser" library="resource" type="SETUP">
<kw name="Evaluate" library="BuiltIn">
<var>${options}</var>
<arg>sys.modules['selenium.webdriver'].ChromeOptions()</arg>
<arg>sys</arg>
<doc>Evaluates the given expression in Python and returns the result.</doc>
<msg timestamp="20231112 05:26:07.869" level="INFO">${options} = &lt;selenium.webdriver.chrome.options.Options object at 0x106785250&gt;</msg>
<status status="PASS" starttime="20231112 05:26:07.869" endtime="20231112 05:26:07.869"/>
</kw>
<kw name="Call Method" library="BuiltIn">
<arg>${options}</arg>
<arg>add_argument</arg>
<arg>--no-sandbox</arg>
<doc>Calls the named method of the given object with the provided arguments.</doc>
<status status="PASS" starttime="20231112 05:26:07.869" endtime="20231112 05:26:07.869"/>
</kw>
<kw name="Call Method" library="BuiltIn">
<arg>${options}</arg>
<arg>add_argument</arg>
<arg>--headless</arg>
<doc>Calls the named method of the given object with the provided arguments.</doc>
<status status="PASS" starttime="20231112 05:26:07.869" endtime="20231112 05:26:07.870"/>
</kw>
<kw name="Open Browser" library="SeleniumLibrary">
<arg>browser=chrome</arg>
<arg>options=${options}</arg>
<doc>Opens a new browser instance to the optional ``url``.</doc>
<msg timestamp="20231112 05:26:07.870" level="INFO">Opening browser 'chrome' to base url 'None'.</msg>
<status status="PASS" starttime="20231112 05:26:07.870" endtime="20231112 05:26:08.653"/>
</kw>
<kw name="Set Selenium Speed" library="SeleniumLibrary">
<arg>${DELAY}</arg>
<doc>Sets the delay that is waited after each Selenium command.</doc>
<status status="PASS" starttime="20231112 05:26:08.653" endtime="20231112 05:26:08.654"/>
</kw>
<status status="PASS" starttime="20231112 05:26:07.869" endtime="20231112 05:26:08.654"/>
</kw>
<test id="s1-s3-t1" name="Register With Valid Username And Password" line="8">
<kw name="Go To Register Page" library="resource" type="SETUP">
<kw name="Go To" library="SeleniumLibrary">
<arg>${REGISTER_URL}</arg>
<doc>Navigates the current browser window to the provided ``url``.</doc>
<msg timestamp="20231112 05:26:08.654" level="INFO">Opening url 'http://localhost:5001/register'</msg>
<status status="PASS" starttime="20231112 05:26:08.654" endtime="20231112 05:26:08.702"/>
</kw>
<status status="PASS" starttime="20231112 05:26:08.654" endtime="20231112 05:26:08.702"/>
</kw>
<kw name="Set Username" library="resource">
<arg>pelle</arg>
<kw name="Input Text" library="SeleniumLibrary">
<arg>username</arg>
<arg>${username}</arg>
<doc>Types the given ``text`` into the text field identified by ``locator``.</doc>
<msg timestamp="20231112 05:26:08.703" level="INFO">Typing text 'pelle' into text field 'username'.</msg>
<status status="PASS" starttime="20231112 05:26:08.703" endtime="20231112 05:26:08.806"/>
</kw>
<status status="PASS" starttime="20231112 05:26:08.703" endtime="20231112 05:26:08.806"/>
</kw>
<kw name="Set Password" library="resource">
<arg>hermann1</arg>
<kw name="Input Password" library="SeleniumLibrary">
<arg>password</arg>
<arg>${password}</arg>
<doc>Types the given password into the text field identified by ``locator``.</doc>
<msg timestamp="20231112 05:26:08.807" level="INFO">Typing password into text field 'password'.</msg>
<msg timestamp="20231112 05:26:08.823" level="INFO">Temporally setting log level to: NONE</msg>
<msg timestamp="20231112 05:26:08.895" level="INFO">Log level changed from NONE to INFO.</msg>
<status status="PASS" starttime="20231112 05:26:08.806" endtime="20231112 05:26:08.895"/>
</kw>
<status status="PASS" starttime="20231112 05:26:08.806" endtime="20231112 05:26:08.895"/>
</kw>
<kw name="Set Password Confirmation" library="resource">
<arg>hermann1</arg>
<kw name="Input Password" library="SeleniumLibrary">
<arg>password_confirmation</arg>
<arg>${password}</arg>
<doc>Types the given password into the text field identified by ``locator``.</doc>
<msg timestamp="20231112 05:26:08.895" level="INFO">Typing password into text field 'password_confirmation'.</msg>
<msg timestamp="20231112 05:26:08.911" level="INFO">Temporally setting log level to: NONE</msg>
<msg timestamp="20231112 05:26:08.927" level="INFO">Log level changed from NONE to INFO.</msg>
<status status="PASS" starttime="20231112 05:26:08.895" endtime="20231112 05:26:08.927"/>
</kw>
<status status="PASS" starttime="20231112 05:26:08.895" endtime="20231112 05:26:08.927"/>
</kw>
<kw name="Submit Register">
<kw name="Click Button" library="SeleniumLibrary">
<arg>Register</arg>
<doc>Clicks the button identified by ``locator``.</doc>
<msg timestamp="20231112 05:26:08.928" level="INFO">Clicking button 'Register'.</msg>
<status status="PASS" starttime="20231112 05:26:08.927" endtime="20231112 05:26:08.957"/>
</kw>
<status status="PASS" starttime="20231112 05:26:08.927" endtime="20231112 05:26:08.957"/>
</kw>
<kw name="Register Should Succeed">
<kw name="Welcome Page Should Be Open" library="resource">
<kw name="Title Should Be" library="SeleniumLibrary">
<arg>Welcome to Ohtu Application!</arg>
<doc>Verifies that the current page title equals ``title``.</doc>
<msg timestamp="20231112 05:26:08.960" level="INFO">Page title is 'Welcome to Ohtu Application!'.</msg>
<status status="PASS" starttime="20231112 05:26:08.958" endtime="20231112 05:26:08.960"/>
</kw>
<status status="PASS" starttime="20231112 05:26:08.958" endtime="20231112 05:26:08.960"/>
</kw>
<status status="PASS" starttime="20231112 05:26:08.958" endtime="20231112 05:26:08.960"/>
</kw>
<status status="PASS" starttime="20231112 05:26:08.654" endtime="20231112 05:26:08.960"/>
</test>
<test id="s1-s3-t2" name="Register With Too Short Username And Valid Password" line="15">
<kw name="Go To Register Page" library="resource" type="SETUP">
<kw name="Go To" library="SeleniumLibrary">
<arg>${REGISTER_URL}</arg>
<doc>Navigates the current browser window to the provided ``url``.</doc>
<msg timestamp="20231112 05:26:08.960" level="INFO">Opening url 'http://localhost:5001/register'</msg>
<status status="PASS" starttime="20231112 05:26:08.960" endtime="20231112 05:26:08.965"/>
</kw>
<status status="PASS" starttime="20231112 05:26:08.960" endtime="20231112 05:26:08.965"/>
</kw>
<kw name="Set Username" library="resource">
<arg>pe</arg>
<kw name="Input Text" library="SeleniumLibrary">
<arg>username</arg>
<arg>${username}</arg>
<doc>Types the given ``text`` into the text field identified by ``locator``.</doc>
<msg timestamp="20231112 05:26:08.966" level="INFO">Typing text 'pe' into text field 'username'.</msg>
<status status="PASS" starttime="20231112 05:26:08.965" endtime="20231112 05:26:08.995"/>
</kw>
<status status="PASS" starttime="20231112 05:26:08.965" endtime="20231112 05:26:08.995"/>
</kw>
<kw name="Set Password" library="resource">
<arg>hermann1</arg>
<kw name="Input Password" library="SeleniumLibrary">
<arg>password</arg>
<arg>${password}</arg>
<doc>Types the given password into the text field identified by ``locator``.</doc>
<msg timestamp="20231112 05:26:08.995" level="INFO">Typing password into text field 'password'.</msg>
<msg timestamp="20231112 05:26:09.008" level="INFO">Temporally setting log level to: NONE</msg>
<msg timestamp="20231112 05:26:09.027" level="INFO">Log level changed from NONE to INFO.</msg>
<status status="PASS" starttime="20231112 05:26:08.995" endtime="20231112 05:26:09.027"/>
</kw>
<status status="PASS" starttime="20231112 05:26:08.995" endtime="20231112 05:26:09.027"/>
</kw>
<kw name="Set Password Confirmation" library="resource">
<arg>hermann1</arg>
<kw name="Input Password" library="SeleniumLibrary">
<arg>password_confirmation</arg>
<arg>${password}</arg>
<doc>Types the given password into the text field identified by ``locator``.</doc>
<msg timestamp="20231112 05:26:09.027" level="INFO">Typing password into text field 'password_confirmation'.</msg>
<msg timestamp="20231112 05:26:09.041" level="INFO">Temporally setting log level to: NONE</msg>
<msg timestamp="20231112 05:26:09.058" level="INFO">Log level changed from NONE to INFO.</msg>
<status status="PASS" starttime="20231112 05:26:09.027" endtime="20231112 05:26:09.058"/>
</kw>
<status status="PASS" starttime="20231112 05:26:09.027" endtime="20231112 05:26:09.058"/>
</kw>
<kw name="Submit Register">
<kw name="Click Button" library="SeleniumLibrary">
<arg>Register</arg>
<doc>Clicks the button identified by ``locator``.</doc>
<msg timestamp="20231112 05:26:09.058" level="INFO">Clicking button 'Register'.</msg>
<status status="PASS" starttime="20231112 05:26:09.058" endtime="20231112 05:26:09.082"/>
</kw>
<status status="PASS" starttime="20231112 05:26:09.058" endtime="20231112 05:26:09.082"/>
</kw>
<kw name="Register Should Fail With Message">
<arg>Username must be at least 3 characters long</arg>
<kw name="Register Page Should Be Open" library="resource">
<kw name="Title Should Be" library="SeleniumLibrary">
<arg>Register</arg>
<doc>Verifies that the current page title equals ``title``.</doc>
<msg timestamp="20231112 05:26:09.084" level="INFO">Page title is 'Register'.</msg>
<status status="PASS" starttime="20231112 05:26:09.083" endtime="20231112 05:26:09.084"/>
</kw>
<status status="PASS" starttime="20231112 05:26:09.083" endtime="20231112 05:26:09.084"/>
</kw>
<kw name="Page Should Contain" library="SeleniumLibrary">
<arg>${message}</arg>
<doc>Verifies that current page contains ``text``.</doc>
<msg timestamp="20231112 05:26:09.090" level="INFO">Current page contains text 'Username must be at least 3 characters long'.</msg>
<status status="PASS" starttime="20231112 05:26:09.084" endtime="20231112 05:26:09.090"/>
</kw>
<status status="PASS" starttime="20231112 05:26:09.082" endtime="20231112 05:26:09.090"/>
</kw>
<status status="PASS" starttime="20231112 05:26:08.960" endtime="20231112 05:26:09.090"/>
</test>
<test id="s1-s3-t3" name="Register With Valid Username And Invalid Password" line="22">
<kw name="Go To Register Page" library="resource" type="SETUP">
<kw name="Go To" library="SeleniumLibrary">
<arg>${REGISTER_URL}</arg>
<doc>Navigates the current browser window to the provided ``url``.</doc>
<msg timestamp="20231112 05:26:09.091" level="INFO">Opening url 'http://localhost:5001/register'</msg>
<status status="PASS" starttime="20231112 05:26:09.091" endtime="20231112 05:26:09.096"/>
</kw>
<status status="PASS" starttime="20231112 05:26:09.091" endtime="20231112 05:26:09.096"/>
</kw>
<kw name="Set Username" library="resource">
<arg>pelle</arg>
<kw name="Input Text" library="SeleniumLibrary">
<arg>username</arg>
<arg>${username}</arg>
<doc>Types the given ``text`` into the text field identified by ``locator``.</doc>
<msg timestamp="20231112 05:26:09.097" level="INFO">Typing text 'pelle' into text field 'username'.</msg>
<status status="PASS" starttime="20231112 05:26:09.097" endtime="20231112 05:26:09.125"/>
</kw>
<status status="PASS" starttime="20231112 05:26:09.096" endtime="20231112 05:26:09.125"/>
</kw>
<kw name="Set Password" library="resource">
<arg>hermanni</arg>
<kw name="Input Password" library="SeleniumLibrary">
<arg>password</arg>
<arg>${password}</arg>
<doc>Types the given password into the text field identified by ``locator``.</doc>
<msg timestamp="20231112 05:26:09.125" level="INFO">Typing password into text field 'password'.</msg>
<msg timestamp="20231112 05:26:09.138" level="INFO">Temporally setting log level to: NONE</msg>
<msg timestamp="20231112 05:26:09.156" level="INFO">Log level changed from NONE to INFO.</msg>
<status status="PASS" starttime="20231112 05:26:09.125" endtime="20231112 05:26:09.156"/>
</kw>
<status status="PASS" starttime="20231112 05:26:09.125" endtime="20231112 05:26:09.156"/>
</kw>
<kw name="Set Password Confirmation" library="resource">
<arg>hermanni</arg>
<kw name="Input Password" library="SeleniumLibrary">
<arg>password_confirmation</arg>
<arg>${password}</arg>
<doc>Types the given password into the text field identified by ``locator``.</doc>
<msg timestamp="20231112 05:26:09.157" level="INFO">Typing password into text field 'password_confirmation'.</msg>
<msg timestamp="20231112 05:26:09.169" level="INFO">Temporally setting log level to: NONE</msg>
<msg timestamp="20231112 05:26:09.186" level="INFO">Log level changed from NONE to INFO.</msg>
<status status="PASS" starttime="20231112 05:26:09.156" endtime="20231112 05:26:09.186"/>
</kw>
<status status="PASS" starttime="20231112 05:26:09.156" endtime="20231112 05:26:09.186"/>
</kw>
<kw name="Submit Register">
<kw name="Click Button" library="SeleniumLibrary">
<arg>Register</arg>
<doc>Clicks the button identified by ``locator``.</doc>
<msg timestamp="20231112 05:26:09.186" level="INFO">Clicking button 'Register'.</msg>
<status status="PASS" starttime="20231112 05:26:09.186" endtime="20231112 05:26:09.210"/>
</kw>
<status status="PASS" starttime="20231112 05:26:09.186" endtime="20231112 05:26:09.210"/>
</kw>
<kw name="Register Should Fail With Message">
<arg>Password must contain non-letter characters</arg>
<kw name="Register Page Should Be Open" library="resource">
<kw name="Title Should Be" library="SeleniumLibrary">
<arg>Register</arg>
<doc>Verifies that the current page title equals ``title``.</doc>
<msg timestamp="20231112 05:26:09.211" level="INFO">Page title is 'Register'.</msg>
<status status="PASS" starttime="20231112 05:26:09.210" endtime="20231112 05:26:09.212"/>
</kw>
<status status="PASS" starttime="20231112 05:26:09.210" endtime="20231112 05:26:09.212"/>
</kw>
<kw name="Page Should Contain" library="SeleniumLibrary">
<arg>${message}</arg>
<doc>Verifies that current page contains ``text``.</doc>
<msg timestamp="20231112 05:26:09.217" level="INFO">Current page contains text 'Password must contain non-letter characters'.</msg>
<status status="PASS" starttime="20231112 05:26:09.212" endtime="20231112 05:26:09.217"/>
</kw>
<status status="PASS" starttime="20231112 05:26:09.210" endtime="20231112 05:26:09.217"/>
</kw>
<status status="PASS" starttime="20231112 05:26:09.091" endtime="20231112 05:26:09.217"/>
</test>
<test id="s1-s3-t4" name="Register With Nonmatching Password And Password Confirmation" line="29">
<kw name="Go To Register Page" library="resource" type="SETUP">
<kw name="Go To" library="SeleniumLibrary">
<arg>${REGISTER_URL}</arg>
<doc>Navigates the current browser window to the provided ``url``.</doc>
<msg timestamp="20231112 05:26:09.218" level="INFO">Opening url 'http://localhost:5001/register'</msg>
<status status="PASS" starttime="20231112 05:26:09.218" endtime="20231112 05:26:09.223"/>
</kw>
<status status="PASS" starttime="20231112 05:26:09.218" endtime="20231112 05:26:09.223"/>
</kw>
<kw name="Set Username" library="resource">
<arg>pelle</arg>
<kw name="Input Text" library="SeleniumLibrary">
<arg>username</arg>
<arg>${username}</arg>
<doc>Types the given ``text`` into the text field identified by ``locator``.</doc>
<msg timestamp="20231112 05:26:09.224" level="INFO">Typing text 'pelle' into text field 'username'.</msg>
<status status="PASS" starttime="20231112 05:26:09.223" endtime="20231112 05:26:09.252"/>
</kw>
<status status="PASS" starttime="20231112 05:26:09.223" endtime="20231112 05:26:09.252"/>
</kw>
<kw name="Set Password" library="resource">
<arg>hermann1</arg>
<kw name="Input Password" library="SeleniumLibrary">
<arg>password</arg>
<arg>${password}</arg>
<doc>Types the given password into the text field identified by ``locator``.</doc>
<msg timestamp="20231112 05:26:09.253" level="INFO">Typing password into text field 'password'.</msg>
<msg timestamp="20231112 05:26:09.265" level="INFO">Temporally setting log level to: NONE</msg>
<msg timestamp="20231112 05:26:09.282" level="INFO">Log level changed from NONE to INFO.</msg>
<status status="PASS" starttime="20231112 05:26:09.252" endtime="20231112 05:26:09.282"/>
</kw>
<status status="PASS" starttime="20231112 05:26:09.252" endtime="20231112 05:26:09.282"/>
</kw>
<kw name="Set Password Confirmation" library="resource">
<arg>hermann!</arg>
<kw name="Input Password" library="SeleniumLibrary">
<arg>password_confirmation</arg>
<arg>${password}</arg>
<doc>Types the given password into the text field identified by ``locator``.</doc>
<msg timestamp="20231112 05:26:09.283" level="INFO">Typing password into text field 'password_confirmation'.</msg>
<msg timestamp="20231112 05:26:09.295" level="INFO">Temporally setting log level to: NONE</msg>
<msg timestamp="20231112 05:26:09.313" level="INFO">Log level changed from NONE to INFO.</msg>
<status status="PASS" starttime="20231112 05:26:09.282" endtime="20231112 05:26:09.313"/>
</kw>
<status status="PASS" starttime="20231112 05:26:09.282" endtime="20231112 05:26:09.313"/>
</kw>
<kw name="Submit Register">
<kw name="Click Button" library="SeleniumLibrary">
<arg>Register</arg>
<doc>Clicks the button identified by ``locator``.</doc>
<msg timestamp="20231112 05:26:09.314" level="INFO">Clicking button 'Register'.</msg>
<status status="PASS" starttime="20231112 05:26:09.314" endtime="20231112 05:26:09.338"/>
</kw>
<status status="PASS" starttime="20231112 05:26:09.314" endtime="20231112 05:26:09.338"/>
</kw>
<kw name="Register Should Fail With Message">
<arg>The passwords differ</arg>
<kw name="Register Page Should Be Open" library="resource">
<kw name="Title Should Be" library="SeleniumLibrary">
<arg>Register</arg>
<doc>Verifies that the current page title equals ``title``.</doc>
<msg timestamp="20231112 05:26:09.340" level="INFO">Page title is 'Register'.</msg>
<status status="PASS" starttime="20231112 05:26:09.338" endtime="20231112 05:26:09.340"/>
</kw>
<status status="PASS" starttime="20231112 05:26:09.338" endtime="20231112 05:26:09.340"/>
</kw>
<kw name="Page Should Contain" library="SeleniumLibrary">
<arg>${message}</arg>
<doc>Verifies that current page contains ``text``.</doc>
<msg timestamp="20231112 05:26:09.346" level="INFO">Current page contains text 'The passwords differ'.</msg>
<status status="PASS" starttime="20231112 05:26:09.340" endtime="20231112 05:26:09.346"/>
</kw>
<status status="PASS" starttime="20231112 05:26:09.338" endtime="20231112 05:26:09.346"/>
</kw>
<status status="PASS" starttime="20231112 05:26:09.217" endtime="20231112 05:26:09.346"/>
</test>
<kw name="Close Browser" library="SeleniumLibrary" type="TEARDOWN">
<doc>Closes the current browser.</doc>
<status status="PASS" starttime="20231112 05:26:09.347" endtime="20231112 05:26:09.410"/>
</kw>
<status status="PASS" starttime="20231112 05:26:07.867" endtime="20231112 05:26:09.411"/>
</suite>
<status status="PASS" starttime="20231112 05:26:04.751" endtime="20231112 05:26:09.412"/>
</suite>
<statistics>
<total>
<stat pass="9" fail="0" skip="0">All Tests</stat>
</total>
<tag>
</tag>
<suite>
<stat pass="9" fail="0" skip="0" id="s1" name="Tests">Tests</stat>
<stat pass="2" fail="0" skip="0" id="s1-s1" name="Home">Tests.Home</stat>
<stat pass="3" fail="0" skip="0" id="s1-s2" name="Login">Tests.Login</stat>
<stat pass="4" fail="0" skip="0" id="s1-s3" name="Register">Tests.Register</stat>
</suite>
</statistics>
<errors>
</errors>
</robot>
