<?xml version="1.0" encoding="UTF-8"?>
<robot generator="Robot 6.1.1 (Python 3.11.6 on darwin)" generated="20231112 00:03:39.546" rpa="false" schemaversion="4">
<suite id="s1" name="Tests" source="/Users/santeritolonen/Documents/school/ohtu/palautusrepositorio/viikko3/login-robot/src/tests">
<suite id="s1-s1" name="Login" source="/Users/santeritolonen/Documents/school/ohtu/palautusrepositorio/viikko3/login-robot/src/tests/login.robot">
<test id="s1-s1-t1" name="Login With Correct Credentials" line="6">
<kw name="Create User And Input Login Command" type="SETUP">
<kw name="Create User" library="AppLibrary">
<arg>kalle</arg>
<arg>kalle123</arg>
<status status="PASS" starttime="20231112 00:03:39.558" endtime="20231112 00:03:39.559"/>
</kw>
<kw name="Input Login Command" library="resource">
<kw name="Input" library="AppLibrary">
<arg>login</arg>
<status status="PASS" starttime="20231112 00:03:39.559" endtime="20231112 00:03:39.559"/>
</kw>
<status status="PASS" starttime="20231112 00:03:39.559" endtime="20231112 00:03:39.559"/>
</kw>
<status status="PASS" starttime="20231112 00:03:39.558" endtime="20231112 00:03:39.559"/>
</kw>
<kw name="Input Credentials" library="resource">
<arg>kalle</arg>
<arg>kalle123</arg>
<kw name="Input" library="AppLibrary">
<arg>${username}</arg>
<status status="PASS" starttime="20231112 00:03:39.559" endtime="20231112 00:03:39.559"/>
</kw>
<kw name="Input" library="AppLibrary">
<arg>${password}</arg>
<status status="PASS" starttime="20231112 00:03:39.559" endtime="20231112 00:03:39.559"/>
</kw>
<kw name="Run Application" library="AppLibrary">
<status status="PASS" starttime="20231112 00:03:39.559" endtime="20231112 00:03:39.559"/>
</kw>
<status status="PASS" starttime="20231112 00:03:39.559" endtime="20231112 00:03:39.559"/>
</kw>
<kw name="Output Should Contain" library="AppLibrary">
<arg>Logged in</arg>
<status status="PASS" starttime="20231112 00:03:39.559" endtime="20231112 00:03:39.559"/>
</kw>
<status status="PASS" starttime="20231112 00:03:39.558" endtime="20231112 00:03:39.559"/>
</test>
<test id="s1-s1-t2" name="Login With Incorrect Password" line="10">
<kw name="Create User And Input Login Command" type="SETUP">
<kw name="Create User" library="AppLibrary">
<arg>kalle</arg>
<arg>kalle123</arg>
<status status="PASS" starttime="20231112 00:03:39.560" endtime="20231112 00:03:39.560"/>
</kw>
<kw name="Input Login Command" library="resource">
<kw name="Input" library="AppLibrary">
<arg>login</arg>
<status status="PASS" starttime="20231112 00:03:39.560" endtime="20231112 00:03:39.560"/>
</kw>
<status status="PASS" starttime="20231112 00:03:39.560" endtime="20231112 00:03:39.560"/>
</kw>
<status status="PASS" starttime="20231112 00:03:39.559" endtime="20231112 00:03:39.560"/>
</kw>
<kw name="Input Credentials" library="resource">
<arg>kalle</arg>
<arg>kallle123</arg>
<kw name="Input" library="AppLibrary">
<arg>${username}</arg>
<status status="PASS" starttime="20231112 00:03:39.560" endtime="20231112 00:03:39.560"/>
</kw>
<kw name="Input" library="AppLibrary">
<arg>${password}</arg>
<status status="PASS" starttime="20231112 00:03:39.560" endtime="20231112 00:03:39.560"/>
</kw>
<kw name="Run Application" library="AppLibrary">
<status status="PASS" starttime="20231112 00:03:39.560" endtime="20231112 00:03:39.560"/>
</kw>
<status status="PASS" starttime="20231112 00:03:39.560" endtime="20231112 00:03:39.560"/>
</kw>
<kw name="Output Should Contain" library="AppLibrary">
<arg>Invalid username or password</arg>
<status status="PASS" starttime="20231112 00:03:39.560" endtime="20231112 00:03:39.560"/>
</kw>
<status status="PASS" starttime="20231112 00:03:39.559" endtime="20231112 00:03:39.560"/>
</test>
<test id="s1-s1-t3" name="Login With Nonexistent Username" line="14">
<kw name="Create User And Input Login Command" type="SETUP">
<kw name="Create User" library="AppLibrary">
<arg>kalle</arg>
<arg>kalle123</arg>
<status status="PASS" starttime="20231112 00:03:39.560" endtime="20231112 00:03:39.560"/>
</kw>
<kw name="Input Login Command" library="resource">
<kw name="Input" library="AppLibrary">
<arg>login</arg>
<status status="PASS" starttime="20231112 00:03:39.561" endtime="20231112 00:03:39.561"/>
</kw>
<status status="PASS" starttime="20231112 00:03:39.560" endtime="20231112 00:03:39.561"/>
</kw>
<status status="PASS" starttime="20231112 00:03:39.560" endtime="20231112 00:03:39.561"/>
</kw>
<kw name="Input Credentials" library="resource">
<arg>kallle</arg>
<arg>kalle123</arg>
<kw name="Input" library="AppLibrary">
<arg>${username}</arg>
<status status="PASS" starttime="20231112 00:03:39.561" endtime="20231112 00:03:39.561"/>
</kw>
<kw name="Input" library="AppLibrary">
<arg>${password}</arg>
<status status="PASS" starttime="20231112 00:03:39.561" endtime="20231112 00:03:39.561"/>
</kw>
<kw name="Run Application" library="AppLibrary">
<status status="PASS" starttime="20231112 00:03:39.561" endtime="20231112 00:03:39.561"/>
</kw>
<status status="PASS" starttime="20231112 00:03:39.561" endtime="20231112 00:03:39.561"/>
</kw>
<kw name="Output Should Contain" library="AppLibrary">
<arg>Invalid username or password</arg>
<status status="PASS" starttime="20231112 00:03:39.561" endtime="20231112 00:03:39.561"/>
</kw>
<status status="PASS" starttime="20231112 00:03:39.560" endtime="20231112 00:03:39.561"/>
</test>
<status status="PASS" starttime="20231112 00:03:39.555" endtime="20231112 00:03:39.561"/>
</suite>
<status status="PASS" starttime="20231112 00:03:39.547" endtime="20231112 00:03:39.561"/>
</suite>
<statistics>
<total>
<stat pass="3" fail="0" skip="0">All Tests</stat>
</total>
<tag>
</tag>
<suite>
<stat pass="3" fail="0" skip="0" id="s1" name="Tests">Tests</stat>
<stat pass="3" fail="0" skip="0" id="s1-s1" name="Login">Tests.Login</stat>
</suite>
</statistics>
<errors>
</errors>
</robot>
